2015/03/21 18:09:13 [error] [exception.CHttpException.404] exception 'CHttpException' with message 'Unable to resolve the request "css/frontend/oowl.theme.css".' in /var/www/html/travelogini_new/framework/web/CWebApplication.php:286
Stack trace:
#0 /var/www/html/travelogini_new/framework/web/CWebApplication.php(141): CWebApplication->runController('css/frontend/oo...')
#1 /var/www/html/travelogini_new/framework/base/CApplication.php(169): CWebApplication->processRequest()
#2 /var/www/html/travelogini_new/index.php(22): CApplication->run()
#3 {main}
REQUEST_URI=/travelogini_new/css/frontend/oowl.theme.css
HTTP_REFERER=http://localhost/travelogini_new/faqs/single/id/32
---
2015/03/21 18:09:17 [error] [exception.CHttpException.404] exception 'CHttpException' with message 'Unable to resolve the request "faq/download".' in /var/www/html/travelogini_new/framework/web/CWebApplication.php:286
Stack trace:
#0 /var/www/html/travelogini_new/framework/web/CWebApplication.php(141): CWebApplication->runController('faq/download')
#1 /var/www/html/travelogini_new/framework/base/CApplication.php(169): CWebApplication->processRequest()
#2 /var/www/html/travelogini_new/index.php(22): CApplication->run()
#3 {main}
REQUEST_URI=/travelogini_new/faq/download
HTTP_REFERER=http://localhost/travelogini_new/faqs/single/id/32
---
2015/03/21 18:09:17 [error] [exception.CHttpException.404] exception 'CHttpException' with message 'Unable to resolve the request "css/frontend/oowl.theme.css".' in /var/www/html/travelogini_new/framework/web/CWebApplication.php:286
Stack trace:
#0 /var/www/html/travelogini_new/framework/web/CWebApplication.php(141): CWebApplication->runController('css/frontend/oo...')
#1 /var/www/html/travelogini_new/framework/base/CApplication.php(169): CWebApplication->processRequest()
#2 /var/www/html/travelogini_new/index.php(22): CApplication->run()
#3 {main}
REQUEST_URI=/travelogini_new/css/frontend/oowl.theme.css
HTTP_REFERER=http://localhost/travelogini_new/faq/download
---
2015/03/21 18:09:25 [error] [exception.CHttpException.404] exception 'CHttpException' with message 'Unable to resolve the request "css/frontend/oowl.theme.css".' in /var/www/html/travelogini_new/framework/web/CWebApplication.php:286
Stack trace:
#0 /var/www/html/travelogini_new/framework/web/CWebApplication.php(141): CWebApplication->runController('css/frontend/oo...')
#1 /var/www/html/travelogini_new/framework/base/CApplication.php(169): CWebApplication->processRequest()
#2 /var/www/html/travelogini_new/index.php(22): CApplication->run()
#3 {main}
REQUEST_URI=/travelogini_new/css/frontend/oowl.theme.css
HTTP_REFERER=http://localhost/travelogini_new/faqs/single/id/32
---
2015/03/21 18:24:45 [error] [exception.CHttpException.404] exception 'CHttpException' with message 'Unable to resolve the request "faq/download".' in /var/www/html/travelogini_new/framework/web/CWebApplication.php:286
Stack trace:
#0 /var/www/html/travelogini_new/framework/web/CWebApplication.php(141): CWebApplication->runController('faq/download')
#1 /var/www/html/travelogini_new/framework/base/CApplication.php(169): CWebApplication->processRequest()
#2 /var/www/html/travelogini_new/index.php(22): CApplication->run()
#3 {main}
REQUEST_URI=/travelogini_new/faq/download
HTTP_REFERER=http://localhost/travelogini_new/faqs/single/id/32
---
2015/03/21 18:24:45 [error] [exception.CHttpException.404] exception 'CHttpException' with message 'Unable to resolve the request "css/frontend/oowl.theme.css".' in /var/www/html/travelogini_new/framework/web/CWebApplication.php:286
Stack trace:
#0 /var/www/html/travelogini_new/framework/web/CWebApplication.php(141): CWebApplication->runController('css/frontend/oo...')
#1 /var/www/html/travelogini_new/framework/base/CApplication.php(169): CWebApplication->processRequest()
#2 /var/www/html/travelogini_new/index.php(22): CApplication->run()
#3 {main}
REQUEST_URI=/travelogini_new/css/frontend/oowl.theme.css
HTTP_REFERER=http://localhost/travelogini_new/faq/download
---
2015/03/21 18:27:26 [error] [exception.CHttpException.404] exception 'CHttpException' with message 'Unable to resolve the request "css/frontend/oowl.theme.css".' in /var/www/html/travelogini_new/framework/web/CWebApplication.php:286
Stack trace:
#0 /var/www/html/travelogini_new/framework/web/CWebApplication.php(141): CWebApplication->runController('css/frontend/oo...')
#1 /var/www/html/travelogini_new/framework/base/CApplication.php(169): CWebApplication->processRequest()
#2 /var/www/html/travelogini_new/index.php(22): CApplication->run()
#3 {main}
REQUEST_URI=/travelogini_new/css/frontend/oowl.theme.css
HTTP_REFERER=http://localhost/travelogini_new/faqs/single/id/32
---
2015/03/21 18:32:52 [error] [exception.CHttpException.404] exception 'CHttpException' with message 'Unable to resolve the request "css/frontend/oowl.theme.css".' in /var/www/html/travelogini_new/framework/web/CWebApplication.php:286
Stack trace:
#0 /var/www/html/travelogini_new/framework/web/CWebApplication.php(141): CWebApplication->runController('css/frontend/oo...')
#1 /var/www/html/travelogini_new/framework/base/CApplication.php(169): CWebApplication->processRequest()
#2 /var/www/html/travelogini_new/index.php(22): CApplication->run()
#3 {main}
REQUEST_URI=/travelogini_new/css/frontend/oowl.theme.css
HTTP_REFERER=http://localhost/travelogini_new/faqs/single/id/32
---
2015/03/21 18:32:54 [error] [exception.CHttpException.404] exception 'CHttpException' with message 'Unable to resolve the request "http://localhost/travelogini_new/uploads/faq/Steve-Jobs-Apple-CEO-HD-Wallpaper-inspiration-inspirational-motivation-motivational-HD-wallpapers-backgrounds-image-wide-new-2013-2014-2015-201676-1426916366.jpg/download/Steve-Jobs-Apple-CEO-HD-Wallpaper-inspiration-inspirational-motivation-motivational-HD-wallpapers-backgrounds-image-wide-new-2013-2014-2015-201676-1426916366.jpg".' in /var/www/html/travelogini_new/framework/web/CWebApplication.php:286
Stack trace:
#0 /var/www/html/travelogini_new/framework/web/CWebApplication.php(141): CWebApplication->runController('http://localhos...')
#1 /var/www/html/travelogini_new/framework/base/CApplication.php(169): CWebApplication->processRequest()
#2 /var/www/html/travelogini_new/index.php(22): CApplication->run()
#3 {main}
REQUEST_URI=/travelogini_new/http://localhost/travelogini_new/uploads/faq/Steve-Jobs-Apple-CEO-HD-Wallpaper-inspiration-inspirational-motivation-motivational-HD-wallpapers-backgrounds-image-wide-new-2013-2014-2015-201676-1426916366.jpg/download/Steve-Jobs-Apple-CEO-HD-Wallpaper-inspiration-inspirational-motivation-motivational-HD-wallpapers-backgrounds-image-wide-new-2013-2014-2015-201676-1426916366.jpg
HTTP_REFERER=http://localhost/travelogini_new/faqs/single/id/32
---
2015/03/21 18:32:55 [error] [exception.CHttpException.404] exception 'CHttpException' with message 'Unable to resolve the request "css/frontend/oowl.theme.css".' in /var/www/html/travelogini_new/framework/web/CWebApplication.php:286
Stack trace:
#0 /var/www/html/travelogini_new/framework/web/CWebApplication.php(141): CWebApplication->runController('css/frontend/oo...')
#1 /var/www/html/travelogini_new/framework/base/CApplication.php(169): CWebApplication->processRequest()
#2 /var/www/html/travelogini_new/index.php(22): CApplication->run()
#3 {main}
REQUEST_URI=/travelogini_new/css/frontend/oowl.theme.css
HTTP_REFERER=http://localhost/travelogini_new/http://localhost/travelogini_new/uploads/faq/Steve-Jobs-Apple-CEO-HD-Wallpaper-inspiration-inspirational-motivation-motivational-HD-wallpapers-backgrounds-image-wide-new-2013-2014-2015-201676-1426916366.jpg/download/Steve-Jobs-Apple-CEO-HD-Wallpaper-inspiration-inspirational-motivation-motivational-HD-wallpapers-backgrounds-image-wide-new-2013-2014-2015-201676-1426916366.jpg
---
2015/03/21 18:33:02 [error] [exception.CHttpException.404] exception 'CHttpException' with message 'Unable to resolve the request "css/frontend/oowl.theme.css".' in /var/www/html/travelogini_new/framework/web/CWebApplication.php:286
Stack trace:
#0 /var/www/html/travelogini_new/framework/web/CWebApplication.php(141): CWebApplication->runController('css/frontend/oo...')
#1 /var/www/html/travelogini_new/framework/base/CApplication.php(169): CWebApplication->processRequest()
#2 /var/www/html/travelogini_new/index.php(22): CApplication->run()
#3 {main}
REQUEST_URI=/travelogini_new/css/frontend/oowl.theme.css
HTTP_REFERER=http://localhost/travelogini_new/faqs/single/id/32
---
2015/03/21 18:33:18 [error] [exception.CHttpException.404] exception 'CHttpException' with message 'Unable to resolve the request "css/frontend/oowl.theme.css".' in /var/www/html/travelogini_new/framework/web/CWebApplication.php:286
Stack trace:
#0 /var/www/html/travelogini_new/framework/web/CWebApplication.php(141): CWebApplication->runController('css/frontend/oo...')
#1 /var/www/html/travelogini_new/framework/base/CApplication.php(169): CWebApplication->processRequest()
#2 /var/www/html/travelogini_new/index.php(22): CApplication->run()
#3 {main}
REQUEST_URI=/travelogini_new/css/frontend/oowl.theme.css
HTTP_REFERER=http://localhost/travelogini_new/faqs/single/id/32
---
2015/03/21 18:33:25 [error] [exception.CHttpException.404] exception 'CHttpException' with message 'Unable to resolve the request "css/frontend/oowl.theme.css".' in /var/www/html/travelogini_new/framework/web/CWebApplication.php:286
Stack trace:
#0 /var/www/html/travelogini_new/framework/web/CWebApplication.php(141): CWebApplication->runController('css/frontend/oo...')
#1 /var/www/html/travelogini_new/framework/base/CApplication.php(169): CWebApplication->processRequest()
#2 /var/www/html/travelogini_new/index.php(22): CApplication->run()
#3 {main}
REQUEST_URI=/travelogini_new/css/frontend/oowl.theme.css
HTTP_REFERER=http://localhost/travelogini_new/faqs/single/id/32
---
2015/03/21 18:33:52 [error] [exception.CHttpException.404] exception 'CHttpException' with message 'Unable to resolve the request "css/frontend/oowl.theme.css".' in /var/www/html/travelogini_new/framework/web/CWebApplication.php:286
Stack trace:
#0 /var/www/html/travelogini_new/framework/web/CWebApplication.php(141): CWebApplication->runController('css/frontend/oo...')
#1 /var/www/html/travelogini_new/framework/base/CApplication.php(169): CWebApplication->processRequest()
#2 /var/www/html/travelogini_new/index.php(22): CApplication->run()
#3 {main}
REQUEST_URI=/travelogini_new/css/frontend/oowl.theme.css
HTTP_REFERER=http://localhost/travelogini_new/faqs/single/id/32
---
2015/03/21 18:34:17 [error] [exception.CHttpException.404] exception 'CHttpException' with message 'Unable to resolve the request "css/frontend/oowl.theme.css".' in /var/www/html/travelogini_new/framework/web/CWebApplication.php:286
Stack trace:
#0 /var/www/html/travelogini_new/framework/web/CWebApplication.php(141): CWebApplication->runController('css/frontend/oo...')
#1 /var/www/html/travelogini_new/framework/base/CApplication.php(169): CWebApplication->processRequest()
#2 /var/www/html/travelogini_new/index.php(22): CApplication->run()
#3 {main}
REQUEST_URI=/travelogini_new/css/frontend/oowl.theme.css
HTTP_REFERER=http://localhost/travelogini_new/faqs/single/id/32
---
2015/03/21 18:34:31 [error] [exception.CHttpException.404] exception 'CHttpException' with message 'Unable to resolve the request "css/frontend/oowl.theme.css".' in /var/www/html/travelogini_new/framework/web/CWebApplication.php:286
Stack trace:
#0 /var/www/html/travelogini_new/framework/web/CWebApplication.php(141): CWebApplication->runController('css/frontend/oo...')
#1 /var/www/html/travelogini_new/framework/base/CApplication.php(169): CWebApplication->processRequest()
#2 /var/www/html/travelogini_new/index.php(22): CApplication->run()
#3 {main}
REQUEST_URI=/travelogini_new/css/frontend/oowl.theme.css
HTTP_REFERER=http://localhost/travelogini_new/faqs/single/id/32
---
2015/03/21 18:34:42 [error] [exception.CHttpException.404] exception 'CHttpException' with message 'Unable to resolve the request "css/frontend/oowl.theme.css".' in /var/www/html/travelogini_new/framework/web/CWebApplication.php:286
Stack trace:
#0 /var/www/html/travelogini_new/framework/web/CWebApplication.php(141): CWebApplication->runController('css/frontend/oo...')
#1 /var/www/html/travelogini_new/framework/base/CApplication.php(169): CWebApplication->processRequest()
#2 /var/www/html/travelogini_new/index.php(22): CApplication->run()
#3 {main}
REQUEST_URI=/travelogini_new/css/frontend/oowl.theme.css
HTTP_REFERER=http://localhost/travelogini_new/faqs/single/id/32
---
2015/03/21 18:35:21 [error] [exception.CHttpException.404] exception 'CHttpException' with message 'Unable to resolve the request "css/frontend/oowl.theme.css".' in /var/www/html/travelogini_new/framework/web/CWebApplication.php:286
Stack trace:
#0 /var/www/html/travelogini_new/framework/web/CWebApplication.php(141): CWebApplication->runController('css/frontend/oo...')
#1 /var/www/html/travelogini_new/framework/base/CApplication.php(169): CWebApplication->processRequest()
#2 /var/www/html/travelogini_new/index.php(22): CApplication->run()
#3 {main}
REQUEST_URI=/travelogini_new/css/frontend/oowl.theme.css
HTTP_REFERER=http://localhost/travelogini_new/faqs/single/id/32
---
2015/03/21 18:35:32 [error] [exception.CHttpException.404] exception 'CHttpException' with message 'Unable to resolve the request "css/frontend/oowl.theme.css".' in /var/www/html/travelogini_new/framework/web/CWebApplication.php:286
Stack trace:
#0 /var/www/html/travelogini_new/framework/web/CWebApplication.php(141): CWebApplication->runController('css/frontend/oo...')
#1 /var/www/html/travelogini_new/framework/base/CApplication.php(169): CWebApplication->processRequest()
#2 /var/www/html/travelogini_new/index.php(22): CApplication->run()
#3 {main}
REQUEST_URI=/travelogini_new/css/frontend/oowl.theme.css
HTTP_REFERER=http://localhost/travelogini_new/faqs/single/id/32
---
2015/03/21 18:37:33 [error] [exception.CHttpException.404] exception 'CHttpException' with message 'Unable to resolve the request "css/frontend/oowl.theme.css".' in /var/www/html/travelogini_new/framework/web/CWebApplication.php:286
Stack trace:
#0 /var/www/html/travelogini_new/framework/web/CWebApplication.php(141): CWebApplication->runController('css/frontend/oo...')
#1 /var/www/html/travelogini_new/framework/base/CApplication.php(169): CWebApplication->processRequest()
#2 /var/www/html/travelogini_new/index.php(22): CApplication->run()
#3 {main}
REQUEST_URI=/travelogini_new/css/frontend/oowl.theme.css
HTTP_REFERER=http://localhost/travelogini_new/faqs/single/id/32
---
2015/03/21 18:38:03 [error] [exception.CHttpException.404] exception 'CHttpException' with message 'Unable to resolve the request "css/frontend/oowl.theme.css".' in /var/www/html/travelogini_new/framework/web/CWebApplication.php:286
Stack trace:
#0 /var/www/html/travelogini_new/framework/web/CWebApplication.php(141): CWebApplication->runController('css/frontend/oo...')
#1 /var/www/html/travelogini_new/framework/base/CApplication.php(169): CWebApplication->processRequest()
#2 /var/www/html/travelogini_new/index.php(22): CApplication->run()
#3 {main}
REQUEST_URI=/travelogini_new/css/frontend/oowl.theme.css
HTTP_REFERER=http://localhost/travelogini_new/faqs/single/id/32
---
2015/03/21 18:38:19 [error] [exception.CHttpException.404] exception 'CHttpException' with message 'Unable to resolve the request "css/frontend/oowl.theme.css".' in /var/www/html/travelogini_new/framework/web/CWebApplication.php:286
Stack trace:
#0 /var/www/html/travelogini_new/framework/web/CWebApplication.php(141): CWebApplication->runController('css/frontend/oo...')
#1 /var/www/html/travelogini_new/framework/base/CApplication.php(169): CWebApplication->processRequest()
#2 /var/www/html/travelogini_new/index.php(22): CApplication->run()
#3 {main}
REQUEST_URI=/travelogini_new/css/frontend/oowl.theme.css
HTTP_REFERER=http://localhost/travelogini_new/faqs/single/id/32
---
2015/03/21 18:38:22 [error] [exception.CHttpException.404] exception 'CHttpException' with message 'Unable to resolve the request "css/frontend/oowl.theme.css".' in /var/www/html/travelogini_new/framework/web/CWebApplication.php:286
Stack trace:
#0 /var/www/html/travelogini_new/framework/web/CWebApplication.php(141): CWebApplication->runController('css/frontend/oo...')
#1 /var/www/html/travelogini_new/framework/base/CApplication.php(169): CWebApplication->processRequest()
#2 /var/www/html/travelogini_new/index.php(22): CApplication->run()
#3 {main}
REQUEST_URI=/travelogini_new/css/frontend/oowl.theme.css
HTTP_REFERER=http://localhost/travelogini_new/faqs/single/id/32
---
2015/03/21 18:38:28 [error] [exception.CHttpException.404] exception 'CHttpException' with message 'Unable to resolve the request "css/frontend/oowl.theme.css".' in /var/www/html/travelogini_new/framework/web/CWebApplication.php:286
Stack trace:
#0 /var/www/html/travelogini_new/framework/web/CWebApplication.php(141): CWebApplication->runController('css/frontend/oo...')
#1 /var/www/html/travelogini_new/framework/base/CApplication.php(169): CWebApplication->processRequest()
#2 /var/www/html/travelogini_new/index.php(22): CApplication->run()
#3 {main}
REQUEST_URI=/travelogini_new/css/frontend/oowl.theme.css
HTTP_REFERER=http://localhost/travelogini_new/faqs/single/id/32
---
2015/03/21 18:39:38 [error] [exception.CHttpException.404] exception 'CHttpException' with message 'Unable to resolve the request "css/frontend/oowl.theme.css".' in /var/www/html/travelogini_new/framework/web/CWebApplication.php:286
Stack trace:
#0 /var/www/html/travelogini_new/framework/web/CWebApplication.php(141): CWebApplication->runController('css/frontend/oo...')
#1 /var/www/html/travelogini_new/framework/base/CApplication.php(169): CWebApplication->processRequest()
#2 /var/www/html/travelogini_new/index.php(22): CApplication->run()
#3 {main}
REQUEST_URI=/travelogini_new/css/frontend/oowl.theme.css
HTTP_REFERER=http://localhost/travelogini_new/faqs/single/id/32
---
2015/03/21 18:40:20 [error] [exception.CHttpException.404] exception 'CHttpException' with message 'Unable to resolve the request "css/frontend/oowl.theme.css".' in /var/www/html/travelogini_new/framework/web/CWebApplication.php:286
Stack trace:
#0 /var/www/html/travelogini_new/framework/web/CWebApplication.php(141): CWebApplication->runController('css/frontend/oo...')
#1 /var/www/html/travelogini_new/framework/base/CApplication.php(169): CWebApplication->processRequest()
#2 /var/www/html/travelogini_new/index.php(22): CApplication->run()
#3 {main}
REQUEST_URI=/travelogini_new/css/frontend/oowl.theme.css
HTTP_REFERER=http://localhost/travelogini_new/faqs/single/id/32
---
2015/03/21 18:40:28 [error] [exception.CHttpException.404] exception 'CHttpException' with message 'Unable to resolve the request "css/frontend/oowl.theme.css".' in /var/www/html/travelogini_new/framework/web/CWebApplication.php:286
Stack trace:
#0 /var/www/html/travelogini_new/framework/web/CWebApplication.php(141): CWebApplication->runController('css/frontend/oo...')
#1 /var/www/html/travelogini_new/framework/base/CApplication.php(169): CWebApplication->processRequest()
#2 /var/www/html/travelogini_new/index.php(22): CApplication->run()
#3 {main}
REQUEST_URI=/travelogini_new/css/frontend/oowl.theme.css
HTTP_REFERER=http://localhost/travelogini_new/faqs/single/id/32
---
2015/03/21 18:40:35 [error] [exception.CHttpException.404] exception 'CHttpException' with message 'Unable to resolve the request "css/frontend/oowl.theme.css".' in /var/www/html/travelogini_new/framework/web/CWebApplication.php:286
Stack trace:
#0 /var/www/html/travelogini_new/framework/web/CWebApplication.php(141): CWebApplication->runController('css/frontend/oo...')
#1 /var/www/html/travelogini_new/framework/base/CApplication.php(169): CWebApplication->processRequest()
#2 /var/www/html/travelogini_new/index.php(22): CApplication->run()
#3 {main}
REQUEST_URI=/travelogini_new/css/frontend/oowl.theme.css
HTTP_REFERER=http://localhost/travelogini_new/faqs/single/id/32
---
2015/03/21 18:41:02 [error] [exception.CHttpException.404] exception 'CHttpException' with message 'Unable to resolve the request "css/frontend/oowl.theme.css".' in /var/www/html/travelogini_new/framework/web/CWebApplication.php:286
Stack trace:
#0 /var/www/html/travelogini_new/framework/web/CWebApplication.php(141): CWebApplication->runController('css/frontend/oo...')
#1 /var/www/html/travelogini_new/framework/base/CApplication.php(169): CWebApplication->processRequest()
#2 /var/www/html/travelogini_new/index.php(22): CApplication->run()
#3 {main}
REQUEST_URI=/travelogini_new/css/frontend/oowl.theme.css
HTTP_REFERER=http://localhost/travelogini_new/faqs/single/id/32
---
2015/03/21 18:41:38 [error] [exception.CHttpException.404] exception 'CHttpException' with message 'Unable to resolve the request "css/frontend/oowl.theme.css".' in /var/www/html/travelogini_new/framework/web/CWebApplication.php:286
Stack trace:
#0 /var/www/html/travelogini_new/framework/web/CWebApplication.php(141): CWebApplication->runController('css/frontend/oo...')
#1 /var/www/html/travelogini_new/framework/base/CApplication.php(169): CWebApplication->processRequest()
#2 /var/www/html/travelogini_new/index.php(22): CApplication->run()
#3 {main}
REQUEST_URI=/travelogini_new/css/frontend/oowl.theme.css
HTTP_REFERER=http://localhost/travelogini_new/faqs/single/id/32
---
2015/03/21 18:42:13 [error] [exception.CHttpException.404] exception 'CHttpException' with message 'Unable to resolve the request "css/frontend/oowl.theme.css".' in /var/www/html/travelogini_new/framework/web/CWebApplication.php:286
Stack trace:
#0 /var/www/html/travelogini_new/framework/web/CWebApplication.php(141): CWebApplication->runController('css/frontend/oo...')
#1 /var/www/html/travelogini_new/framework/base/CApplication.php(169): CWebApplication->processRequest()
#2 /var/www/html/travelogini_new/index.php(22): CApplication->run()
#3 {main}
REQUEST_URI=/travelogini_new/css/frontend/oowl.theme.css
HTTP_REFERER=http://localhost/travelogini_new/faqs/single/id/32
---
2015/03/21 18:42:25 [error] [exception.CHttpException.404] exception 'CHttpException' with message 'Unable to resolve the request "css/frontend/oowl.theme.css".' in /var/www/html/travelogini_new/framework/web/CWebApplication.php:286
Stack trace:
#0 /var/www/html/travelogini_new/framework/web/CWebApplication.php(141): CWebApplication->runController('css/frontend/oo...')
#1 /var/www/html/travelogini_new/framework/base/CApplication.php(169): CWebApplication->processRequest()
#2 /var/www/html/travelogini_new/index.php(22): CApplication->run()
#3 {main}
REQUEST_URI=/travelogini_new/css/frontend/oowl.theme.css
HTTP_REFERER=http://localhost/travelogini_new/faqs/single/id/32
---
2015/03/21 18:42:38 [error] [exception.CHttpException.404] exception 'CHttpException' with message 'Unable to resolve the request "css/frontend/oowl.theme.css".' in /var/www/html/travelogini_new/framework/web/CWebApplication.php:286
Stack trace:
#0 /var/www/html/travelogini_new/framework/web/CWebApplication.php(141): CWebApplication->runController('css/frontend/oo...')
#1 /var/www/html/travelogini_new/framework/base/CApplication.php(169): CWebApplication->processRequest()
#2 /var/www/html/travelogini_new/index.php(22): CApplication->run()
#3 {main}
REQUEST_URI=/travelogini_new/css/frontend/oowl.theme.css
HTTP_REFERER=http://localhost/travelogini_new/faqs/single/id/32
---
2015/03/21 18:43:21 [error] [exception.CHttpException.404] exception 'CHttpException' with message 'Unable to resolve the request "css/frontend/oowl.theme.css".' in /var/www/html/travelogini_new/framework/web/CWebApplication.php:286
Stack trace:
#0 /var/www/html/travelogini_new/framework/web/CWebApplication.php(141): CWebApplication->runController('css/frontend/oo...')
#1 /var/www/html/travelogini_new/framework/base/CApplication.php(169): CWebApplication->processRequest()
#2 /var/www/html/travelogini_new/index.php(22): CApplication->run()
#3 {main}
REQUEST_URI=/travelogini_new/css/frontend/oowl.theme.css
HTTP_REFERER=http://localhost/travelogini_new/faqs/single/id/32
---
2015/03/21 18:43:51 [error] [exception.CHttpException.404] exception 'CHttpException' with message 'Unable to resolve the request "css/frontend/oowl.theme.css".' in /var/www/html/travelogini_new/framework/web/CWebApplication.php:286
Stack trace:
#0 /var/www/html/travelogini_new/framework/web/CWebApplication.php(141): CWebApplication->runController('css/frontend/oo...')
#1 /var/www/html/travelogini_new/framework/base/CApplication.php(169): CWebApplication->processRequest()
#2 /var/www/html/travelogini_new/index.php(22): CApplication->run()
#3 {main}
REQUEST_URI=/travelogini_new/css/frontend/oowl.theme.css
HTTP_REFERER=http://localhost/travelogini_new/faqs/single/id/32
---
2015/03/21 18:44:10 [error] [exception.CHttpException.404] exception 'CHttpException' with message 'Unable to resolve the request "css/frontend/oowl.theme.css".' in /var/www/html/travelogini_new/framework/web/CWebApplication.php:286
Stack trace:
#0 /var/www/html/travelogini_new/framework/web/CWebApplication.php(141): CWebApplication->runController('css/frontend/oo...')
#1 /var/www/html/travelogini_new/framework/base/CApplication.php(169): CWebApplication->processRequest()
#2 /var/www/html/travelogini_new/index.php(22): CApplication->run()
#3 {main}
REQUEST_URI=/travelogini_new/css/frontend/oowl.theme.css
HTTP_REFERER=http://localhost/travelogini_new/faqs/single/id/32
---
2015/03/21 18:44:36 [error] [exception.CHttpException.404] exception 'CHttpException' with message 'Unable to resolve the request "css/frontend/oowl.theme.css".' in /var/www/html/travelogini_new/framework/web/CWebApplication.php:286
Stack trace:
#0 /var/www/html/travelogini_new/framework/web/CWebApplication.php(141): CWebApplication->runController('css/frontend/oo...')
#1 /var/www/html/travelogini_new/framework/base/CApplication.php(169): CWebApplication->processRequest()
#2 /var/www/html/travelogini_new/index.php(22): CApplication->run()
#3 {main}
REQUEST_URI=/travelogini_new/css/frontend/oowl.theme.css
HTTP_REFERER=http://localhost/travelogini_new/faqs/single/id/32
---
2015/03/21 18:45:02 [error] [exception.CHttpException.404] exception 'CHttpException' with message 'Unable to resolve the request "css/frontend/oowl.theme.css".' in /var/www/html/travelogini_new/framework/web/CWebApplication.php:286
Stack trace:
#0 /var/www/html/travelogini_new/framework/web/CWebApplication.php(141): CWebApplication->runController('css/frontend/oo...')
#1 /var/www/html/travelogini_new/framework/base/CApplication.php(169): CWebApplication->processRequest()
#2 /var/www/html/travelogini_new/index.php(22): CApplication->run()
#3 {main}
REQUEST_URI=/travelogini_new/css/frontend/oowl.theme.css
HTTP_REFERER=http://localhost/travelogini_new/faqs/single/id/32
---
2015/03/21 18:46:50 [error] [exception.CHttpException.404] exception 'CHttpException' with message 'Unable to resolve the request "css/frontend/oowl.theme.css".' in /var/www/html/travelogini_new/framework/web/CWebApplication.php:286
Stack trace:
#0 /var/www/html/travelogini_new/framework/web/CWebApplication.php(141): CWebApplication->runController('css/frontend/oo...')
#1 /var/www/html/travelogini_new/framework/base/CApplication.php(169): CWebApplication->processRequest()
#2 /var/www/html/travelogini_new/index.php(22): CApplication->run()
#3 {main}
REQUEST_URI=/travelogini_new/css/frontend/oowl.theme.css
HTTP_REFERER=http://localhost/travelogini_new/faqs/single/id/32
---
2015/03/21 18:47:04 [error] [exception.CHttpException.404] exception 'CHttpException' with message 'Unable to resolve the request "css/frontend/oowl.theme.css".' in /var/www/html/travelogini_new/framework/web/CWebApplication.php:286
Stack trace:
#0 /var/www/html/travelogini_new/framework/web/CWebApplication.php(141): CWebApplication->runController('css/frontend/oo...')
#1 /var/www/html/travelogini_new/framework/base/CApplication.php(169): CWebApplication->processRequest()
#2 /var/www/html/travelogini_new/index.php(22): CApplication->run()
#3 {main}
REQUEST_URI=/travelogini_new/css/frontend/oowl.theme.css
HTTP_REFERER=http://localhost/travelogini_new/faqs/single/id/28
---
2015/03/21 18:47:13 [error] [exception.CHttpException.404] exception 'CHttpException' with message 'Unable to resolve the request "css/frontend/oowl.theme.css".' in /var/www/html/travelogini_new/framework/web/CWebApplication.php:286
Stack trace:
#0 /var/www/html/travelogini_new/framework/web/CWebApplication.php(141): CWebApplication->runController('css/frontend/oo...')
#1 /var/www/html/travelogini_new/framework/base/CApplication.php(169): CWebApplication->processRequest()
#2 /var/www/html/travelogini_new/index.php(22): CApplication->run()
#3 {main}
REQUEST_URI=/travelogini_new/css/frontend/oowl.theme.css
HTTP_REFERER=http://localhost/travelogini_new/faqs/single/id/32
---
2015/03/21 18:47:26 [error] [exception.CHttpException.404] exception 'CHttpException' with message 'Unable to resolve the request "css/frontend/oowl.theme.css".' in /var/www/html/travelogini_new/framework/web/CWebApplication.php:286
Stack trace:
#0 /var/www/html/travelogini_new/framework/web/CWebApplication.php(141): CWebApplication->runController('css/frontend/oo...')
#1 /var/www/html/travelogini_new/framework/base/CApplication.php(169): CWebApplication->processRequest()
#2 /var/www/html/travelogini_new/index.php(22): CApplication->run()
#3 {main}
REQUEST_URI=/travelogini_new/css/frontend/oowl.theme.css
HTTP_REFERER=http://localhost/travelogini_new/faqs/single/id/32
---
2015/03/21 18:47:40 [error] [exception.CHttpException.404] exception 'CHttpException' with message 'Unable to resolve the request "css/frontend/oowl.theme.css".' in /var/www/html/travelogini_new/framework/web/CWebApplication.php:286
Stack trace:
#0 /var/www/html/travelogini_new/framework/web/CWebApplication.php(141): CWebApplication->runController('css/frontend/oo...')
#1 /var/www/html/travelogini_new/framework/base/CApplication.php(169): CWebApplication->processRequest()
#2 /var/www/html/travelogini_new/index.php(22): CApplication->run()
#3 {main}
REQUEST_URI=/travelogini_new/css/frontend/oowl.theme.css
HTTP_REFERER=http://localhost/travelogini_new/faqs/single/id/32
---
2015/03/21 18:57:30 [error] [exception.CHttpException.404] exception 'CHttpException' with message 'Unable to resolve the request "css/frontend/oowl.theme.css".' in /var/www/html/travelogini_new/framework/web/CWebApplication.php:286
Stack trace:
#0 /var/www/html/travelogini_new/framework/web/CWebApplication.php(141): CWebApplication->runController('css/frontend/oo...')
#1 /var/www/html/travelogini_new/framework/base/CApplication.php(169): CWebApplication->processRequest()
#2 /var/www/html/travelogini_new/index.php(22): CApplication->run()
#3 {main}
REQUEST_URI=/travelogini_new/css/frontend/oowl.theme.css
HTTP_REFERER=http://localhost/travelogini_new/faqs/single/id/32
---
2015/03/21 18:57:51 [error] [exception.CHttpException.404] exception 'CHttpException' with message 'Unable to resolve the request "css/frontend/oowl.theme.css".' in /var/www/html/travelogini_new/framework/web/CWebApplication.php:286
Stack trace:
#0 /var/www/html/travelogini_new/framework/web/CWebApplication.php(141): CWebApplication->runController('css/frontend/oo...')
#1 /var/www/html/travelogini_new/framework/base/CApplication.php(169): CWebApplication->processRequest()
#2 /var/www/html/travelogini_new/index.php(22): CApplication->run()
#3 {main}
REQUEST_URI=/travelogini_new/css/frontend/oowl.theme.css
HTTP_REFERER=http://localhost/travelogini_new/faqs/single/id/32
---
2015/03/21 18:58:32 [error] [exception.CHttpException.404] exception 'CHttpException' with message 'Unable to resolve the request "css/frontend/oowl.theme.css".' in /var/www/html/travelogini_new/framework/web/CWebApplication.php:286
Stack trace:
#0 /var/www/html/travelogini_new/framework/web/CWebApplication.php(141): CWebApplication->runController('css/frontend/oo...')
#1 /var/www/html/travelogini_new/framework/base/CApplication.php(169): CWebApplication->processRequest()
#2 /var/www/html/travelogini_new/index.php(22): CApplication->run()
#3 {main}
REQUEST_URI=/travelogini_new/css/frontend/oowl.theme.css
HTTP_REFERER=http://localhost/travelogini_new/faqs/index?page=2
---
2015/03/21 19:09:50 [error] [exception.CHttpException.404] exception 'CHttpException' with message 'Unable to resolve the request "css/frontend/oowl.theme.css".' in /var/www/html/travelogini_new/framework/web/CWebApplication.php:286
Stack trace:
#0 /var/www/html/travelogini_new/framework/web/CWebApplication.php(141): CWebApplication->runController('css/frontend/oo...')
#1 /var/www/html/travelogini_new/framework/base/CApplication.php(169): CWebApplication->processRequest()
#2 /var/www/html/travelogini_new/index.php(22): CApplication->run()
#3 {main}
REQUEST_URI=/travelogini_new/css/frontend/oowl.theme.css
HTTP_REFERER=http://localhost/travelogini_new/faqs/index
---
2015/03/21 19:10:06 [error] [exception.CHttpException.404] exception 'CHttpException' with message 'Unable to resolve the request "css/frontend/oowl.theme.css".' in /var/www/html/travelogini_new/framework/web/CWebApplication.php:286
Stack trace:
#0 /var/www/html/travelogini_new/framework/web/CWebApplication.php(141): CWebApplication->runController('css/frontend/oo...')
#1 /var/www/html/travelogini_new/framework/base/CApplication.php(169): CWebApplication->processRequest()
#2 /var/www/html/travelogini_new/index.php(22): CApplication->run()
#3 {main}
REQUEST_URI=/travelogini_new/css/frontend/oowl.theme.css
HTTP_REFERER=http://localhost/travelogini_new/faqs/index
---
2015/03/21 19:11:03 [error] [exception.CHttpException.404] exception 'CHttpException' with message 'Unable to resolve the request "css/frontend/oowl.theme.css".' in /var/www/html/travelogini_new/framework/web/CWebApplication.php:286
Stack trace:
#0 /var/www/html/travelogini_new/framework/web/CWebApplication.php(141): CWebApplication->runController('css/frontend/oo...')
#1 /var/www/html/travelogini_new/framework/base/CApplication.php(169): CWebApplication->processRequest()
#2 /var/www/html/travelogini_new/index.php(22): CApplication->run()
#3 {main}
REQUEST_URI=/travelogini_new/css/frontend/oowl.theme.css
HTTP_REFERER=http://localhost/travelogini_new/faqs/index?page=2
---
2015/03/21 19:12:25 [error] [exception.CHttpException.404] exception 'CHttpException' with message 'Unable to resolve the request "css/frontend/oowl.theme.css".' in /var/www/html/travelogini_new/framework/web/CWebApplication.php:286
Stack trace:
#0 /var/www/html/travelogini_new/framework/web/CWebApplication.php(141): CWebApplication->runController('css/frontend/oo...')
#1 /var/www/html/travelogini_new/framework/base/CApplication.php(169): CWebApplication->processRequest()
#2 /var/www/html/travelogini_new/index.php(22): CApplication->run()
#3 {main}
REQUEST_URI=/travelogini_new/css/frontend/oowl.theme.css
HTTP_REFERER=http://localhost/travelogini_new/faqs/index?page=2
---
2015/03/21 19:13:19 [error] [exception.CHttpException.404] exception 'CHttpException' with message 'Unable to resolve the request "css/frontend/oowl.theme.css".' in /var/www/html/travelogini_new/framework/web/CWebApplication.php:286
Stack trace:
#0 /var/www/html/travelogini_new/framework/web/CWebApplication.php(141): CWebApplication->runController('css/frontend/oo...')
#1 /var/www/html/travelogini_new/framework/base/CApplication.php(169): CWebApplication->processRequest()
#2 /var/www/html/travelogini_new/index.php(22): CApplication->run()
#3 {main}
REQUEST_URI=/travelogini_new/css/frontend/oowl.theme.css
HTTP_REFERER=http://localhost/travelogini_new/faqs/index?page=2
---
2015/03/21 19:13:58 [error] [exception.CHttpException.404] exception 'CHttpException' with message 'Unable to resolve the request "css/frontend/oowl.theme.css".' in /var/www/html/travelogini_new/framework/web/CWebApplication.php:286
Stack trace:
#0 /var/www/html/travelogini_new/framework/web/CWebApplication.php(141): CWebApplication->runController('css/frontend/oo...')
#1 /var/www/html/travelogini_new/framework/base/CApplication.php(169): CWebApplication->processRequest()
#2 /var/www/html/travelogini_new/index.php(22): CApplication->run()
#3 {main}
REQUEST_URI=/travelogini_new/css/frontend/oowl.theme.css
HTTP_REFERER=http://localhost/travelogini_new/faqs/index?page=2
---
2015/03/21 19:14:21 [error] [exception.CHttpException.404] exception 'CHttpException' with message 'Unable to resolve the request "css/frontend/oowl.theme.css".' in /var/www/html/travelogini_new/framework/web/CWebApplication.php:286
Stack trace:
#0 /var/www/html/travelogini_new/framework/web/CWebApplication.php(141): CWebApplication->runController('css/frontend/oo...')
#1 /var/www/html/travelogini_new/framework/base/CApplication.php(169): CWebApplication->processRequest()
#2 /var/www/html/travelogini_new/index.php(22): CApplication->run()
#3 {main}
REQUEST_URI=/travelogini_new/css/frontend/oowl.theme.css
HTTP_REFERER=http://localhost/travelogini_new/faqs/index
---
2015/03/21 19:14:26 [error] [exception.CHttpException.404] exception 'CHttpException' with message 'Unable to resolve the request "faq/single".' in /var/www/html/travelogini_new/framework/web/CWebApplication.php:286
Stack trace:
#0 /var/www/html/travelogini_new/framework/web/CWebApplication.php(141): CWebApplication->runController('faq/single')
#1 /var/www/html/travelogini_new/framework/base/CApplication.php(169): CWebApplication->processRequest()
#2 /var/www/html/travelogini_new/index.php(22): CApplication->run()
#3 {main}
REQUEST_URI=/travelogini_new/faq/single
HTTP_REFERER=http://localhost/travelogini_new/faqs/index
---
2015/03/21 19:14:26 [error] [exception.CHttpException.404] exception 'CHttpException' with message 'Unable to resolve the request "css/frontend/oowl.theme.css".' in /var/www/html/travelogini_new/framework/web/CWebApplication.php:286
Stack trace:
#0 /var/www/html/travelogini_new/framework/web/CWebApplication.php(141): CWebApplication->runController('css/frontend/oo...')
#1 /var/www/html/travelogini_new/framework/base/CApplication.php(169): CWebApplication->processRequest()
#2 /var/www/html/travelogini_new/index.php(22): CApplication->run()
#3 {main}
REQUEST_URI=/travelogini_new/css/frontend/oowl.theme.css
HTTP_REFERER=http://localhost/travelogini_new/faq/single
---
2015/03/21 19:14:34 [error] [exception.CHttpException.404] exception 'CHttpException' with message 'Unable to resolve the request "faq/single/id/32".' in /var/www/html/travelogini_new/framework/web/CWebApplication.php:286
Stack trace:
#0 /var/www/html/travelogini_new/framework/web/CWebApplication.php(141): CWebApplication->runController('faq/single/id/3...')
#1 /var/www/html/travelogini_new/framework/base/CApplication.php(169): CWebApplication->processRequest()
#2 /var/www/html/travelogini_new/index.php(22): CApplication->run()
#3 {main}
REQUEST_URI=/travelogini_new/faq/single/id/32
---
2015/03/21 19:14:34 [error] [exception.CHttpException.404] exception 'CHttpException' with message 'Unable to resolve the request "css/frontend/oowl.theme.css".' in /var/www/html/travelogini_new/framework/web/CWebApplication.php:286
Stack trace:
#0 /var/www/html/travelogini_new/framework/web/CWebApplication.php(141): CWebApplication->runController('css/frontend/oo...')
#1 /var/www/html/travelogini_new/framework/base/CApplication.php(169): CWebApplication->processRequest()
#2 /var/www/html/travelogini_new/index.php(22): CApplication->run()
#3 {main}
REQUEST_URI=/travelogini_new/css/frontend/oowl.theme.css
HTTP_REFERER=http://localhost/travelogini_new/faq/single/id/32
---
2015/03/21 19:14:51 [error] [exception.CHttpException.404] exception 'CHttpException' with message 'Unable to resolve the request "faq/single".' in /var/www/html/travelogini_new/framework/web/CWebApplication.php:286
Stack trace:
#0 /var/www/html/travelogini_new/framework/web/CWebApplication.php(141): CWebApplication->runController('faq/single')
#1 /var/www/html/travelogini_new/framework/base/CApplication.php(169): CWebApplication->processRequest()
#2 /var/www/html/travelogini_new/index.php(22): CApplication->run()
#3 {main}
REQUEST_URI=/travelogini_new/faq/single
HTTP_REFERER=http://localhost/travelogini_new/faqs/index
---
2015/03/21 19:14:52 [error] [exception.CHttpException.404] exception 'CHttpException' with message 'Unable to resolve the request "css/frontend/oowl.theme.css".' in /var/www/html/travelogini_new/framework/web/CWebApplication.php:286
Stack trace:
#0 /var/www/html/travelogini_new/framework/web/CWebApplication.php(141): CWebApplication->runController('css/frontend/oo...')
#1 /var/www/html/travelogini_new/framework/base/CApplication.php(169): CWebApplication->processRequest()
#2 /var/www/html/travelogini_new/index.php(22): CApplication->run()
#3 {main}
REQUEST_URI=/travelogini_new/css/frontend/oowl.theme.css
HTTP_REFERER=http://localhost/travelogini_new/faq/single
---
2015/03/21 19:14:54 [error] [exception.CHttpException.404] exception 'CHttpException' with message 'Unable to resolve the request "css/frontend/oowl.theme.css".' in /var/www/html/travelogini_new/framework/web/CWebApplication.php:286
Stack trace:
#0 /var/www/html/travelogini_new/framework/web/CWebApplication.php(141): CWebApplication->runController('css/frontend/oo...')
#1 /var/www/html/travelogini_new/framework/base/CApplication.php(169): CWebApplication->processRequest()
#2 /var/www/html/travelogini_new/index.php(22): CApplication->run()
#3 {main}
REQUEST_URI=/travelogini_new/css/frontend/oowl.theme.css
HTTP_REFERER=http://localhost/travelogini_new/faqs/index
---
2015/03/21 19:15:00 [error] [exception.CHttpException.400] exception 'CHttpException' with message 'Your request is invalid.' in /var/www/html/travelogini_new/framework/web/CController.php:336
Stack trace:
#0 /var/www/html/travelogini_new/framework/web/CController.php(309): CController->invalidActionParams(Object(CInlineAction))
#1 /var/www/html/travelogini_new/framework/web/CController.php(286): CController->runAction(Object(CInlineAction))
#2 /var/www/html/travelogini_new/framework/web/CController.php(265): CController->runActionWithFilters(Object(CInlineAction), Array)
#3 /var/www/html/travelogini_new/framework/web/CWebApplication.php(282): CController->run('single')
#4 /var/www/html/travelogini_new/framework/web/CWebApplication.php(141): CWebApplication->runController('faqs/single')
#5 /var/www/html/travelogini_new/framework/base/CApplication.php(169): CWebApplication->processRequest()
#6 /var/www/html/travelogini_new/index.php(22): CApplication->run()
#7 {main}
REQUEST_URI=/travelogini_new/faqs/single
HTTP_REFERER=http://localhost/travelogini_new/faqs/index
---
2015/03/21 19:15:00 [error] [exception.CHttpException.404] exception 'CHttpException' with message 'Unable to resolve the request "css/frontend/oowl.theme.css".' in /var/www/html/travelogini_new/framework/web/CWebApplication.php:286
Stack trace:
#0 /var/www/html/travelogini_new/framework/web/CWebApplication.php(141): CWebApplication->runController('css/frontend/oo...')
#1 /var/www/html/travelogini_new/framework/base/CApplication.php(169): CWebApplication->processRequest()
#2 /var/www/html/travelogini_new/index.php(22): CApplication->run()
#3 {main}
REQUEST_URI=/travelogini_new/css/frontend/oowl.theme.css
HTTP_REFERER=http://localhost/travelogini_new/faqs/single
---
2015/03/21 19:15:07 [error] [exception.CHttpException.404] exception 'CHttpException' with message 'Unable to resolve the request "css/frontend/oowl.theme.css".' in /var/www/html/travelogini_new/framework/web/CWebApplication.php:286
Stack trace:
#0 /var/www/html/travelogini_new/framework/web/CWebApplication.php(141): CWebApplication->runController('css/frontend/oo...')
#1 /var/www/html/travelogini_new/framework/base/CApplication.php(169): CWebApplication->processRequest()
#2 /var/www/html/travelogini_new/index.php(22): CApplication->run()
#3 {main}
REQUEST_URI=/travelogini_new/css/frontend/oowl.theme.css
HTTP_REFERER=http://localhost/travelogini_new/faqs/single/id/32
---
2015/03/21 19:15:52 [error] [exception.CHttpException.404] exception 'CHttpException' with message 'Unable to resolve the request "css/frontend/oowl.theme.css".' in /var/www/html/travelogini_new/framework/web/CWebApplication.php:286
Stack trace:
#0 /var/www/html/travelogini_new/framework/web/CWebApplication.php(141): CWebApplication->runController('css/frontend/oo...')
#1 /var/www/html/travelogini_new/framework/base/CApplication.php(169): CWebApplication->processRequest()
#2 /var/www/html/travelogini_new/index.php(22): CApplication->run()
#3 {main}
REQUEST_URI=/travelogini_new/css/frontend/oowl.theme.css
HTTP_REFERER=http://localhost/travelogini_new/faqs/single/id/28
---
2015/03/21 19:15:55 [error] [exception.CHttpException.400] exception 'CHttpException' with message 'Your request is invalid.' in /var/www/html/travelogini_new/framework/web/CController.php:336
Stack trace:
#0 /var/www/html/travelogini_new/framework/web/CController.php(309): CController->invalidActionParams(Object(CInlineAction))
#1 /var/www/html/travelogini_new/framework/web/CController.php(286): CController->runAction(Object(CInlineAction))
#2 /var/www/html/travelogini_new/framework/web/CController.php(265): CController->runActionWithFilters(Object(CInlineAction), Array)
#3 /var/www/html/travelogini_new/framework/web/CWebApplication.php(282): CController->run('single')
#4 /var/www/html/travelogini_new/framework/web/CWebApplication.php(141): CWebApplication->runController('faqs/single')
#5 /var/www/html/travelogini_new/framework/base/CApplication.php(169): CWebApplication->processRequest()
#6 /var/www/html/travelogini_new/index.php(22): CApplication->run()
#7 {main}
REQUEST_URI=/travelogini_new/faqs/single
HTTP_REFERER=http://localhost/travelogini_new/faqs/index
---
2015/03/21 19:15:56 [error] [exception.CHttpException.404] exception 'CHttpException' with message 'Unable to resolve the request "css/frontend/oowl.theme.css".' in /var/www/html/travelogini_new/framework/web/CWebApplication.php:286
Stack trace:
#0 /var/www/html/travelogini_new/framework/web/CWebApplication.php(141): CWebApplication->runController('css/frontend/oo...')
#1 /var/www/html/travelogini_new/framework/base/CApplication.php(169): CWebApplication->processRequest()
#2 /var/www/html/travelogini_new/index.php(22): CApplication->run()
#3 {main}
REQUEST_URI=/travelogini_new/css/frontend/oowl.theme.css
HTTP_REFERER=http://localhost/travelogini_new/faqs/single
---
2015/03/21 19:16:07 [error] [exception.CHttpException.404] exception 'CHttpException' with message 'Unable to resolve the request "css/frontend/oowl.theme.css".' in /var/www/html/travelogini_new/framework/web/CWebApplication.php:286
Stack trace:
#0 /var/www/html/travelogini_new/framework/web/CWebApplication.php(141): CWebApplication->runController('css/frontend/oo...')
#1 /var/www/html/travelogini_new/framework/base/CApplication.php(169): CWebApplication->processRequest()
#2 /var/www/html/travelogini_new/index.php(22): CApplication->run()
#3 {main}
REQUEST_URI=/travelogini_new/css/frontend/oowl.theme.css
HTTP_REFERER=http://localhost/travelogini_new/faqs/
---
2015/03/21 19:16:13 [error] [exception.CHttpException.404] exception 'CHttpException' with message 'Unable to resolve the request "css/frontend/oowl.theme.css".' in /var/www/html/travelogini_new/framework/web/CWebApplication.php:286
Stack trace:
#0 /var/www/html/travelogini_new/framework/web/CWebApplication.php(141): CWebApplication->runController('css/frontend/oo...')
#1 /var/www/html/travelogini_new/framework/base/CApplication.php(169): CWebApplication->processRequest()
#2 /var/www/html/travelogini_new/index.php(22): CApplication->run()
#3 {main}
REQUEST_URI=/travelogini_new/css/frontend/oowl.theme.css
HTTP_REFERER=http://localhost/travelogini_new/faqs/single/28
---
2015/03/21 19:16:47 [error] [exception.CHttpException.404] exception 'CHttpException' with message 'Unable to resolve the request "css/frontend/oowl.theme.css".' in /var/www/html/travelogini_new/framework/web/CWebApplication.php:286
Stack trace:
#0 /var/www/html/travelogini_new/framework/web/CWebApplication.php(141): CWebApplication->runController('css/frontend/oo...')
#1 /var/www/html/travelogini_new/framework/base/CApplication.php(169): CWebApplication->processRequest()
#2 /var/www/html/travelogini_new/index.php(22): CApplication->run()
#3 {main}
REQUEST_URI=/travelogini_new/css/frontend/oowl.theme.css
HTTP_REFERER=http://localhost/travelogini_new/faqs/
---
2015/03/21 19:16:56 [error] [exception.CHttpException.404] exception 'CHttpException' with message 'Unable to resolve the request "css/frontend/oowl.theme.css".' in /var/www/html/travelogini_new/framework/web/CWebApplication.php:286
Stack trace:
#0 /var/www/html/travelogini_new/framework/web/CWebApplication.php(141): CWebApplication->runController('css/frontend/oo...')
#1 /var/www/html/travelogini_new/framework/base/CApplication.php(169): CWebApplication->processRequest()
#2 /var/www/html/travelogini_new/index.php(22): CApplication->run()
#3 {main}
REQUEST_URI=/travelogini_new/css/frontend/oowl.theme.css
HTTP_REFERER=http://localhost/travelogini_new/faqs/
---
2015/03/21 19:17:03 [error] [exception.CHttpException.404] exception 'CHttpException' with message 'Unable to resolve the request "css/frontend/oowl.theme.css".' in /var/www/html/travelogini_new/framework/web/CWebApplication.php:286
Stack trace:
#0 /var/www/html/travelogini_new/framework/web/CWebApplication.php(141): CWebApplication->runController('css/frontend/oo...')
#1 /var/www/html/travelogini_new/framework/base/CApplication.php(169): CWebApplication->processRequest()
#2 /var/www/html/travelogini_new/index.php(22): CApplication->run()
#3 {main}
REQUEST_URI=/travelogini_new/css/frontend/oowl.theme.css
HTTP_REFERER=http://localhost/travelogini_new/faqs/single/32
---
2015/03/21 19:17:16 [error] [exception.CHttpException.404] exception 'CHttpException' with message 'Unable to resolve the request "css/frontend/oowl.theme.css".' in /var/www/html/travelogini_new/framework/web/CWebApplication.php:286
Stack trace:
#0 /var/www/html/travelogini_new/framework/web/CWebApplication.php(141): CWebApplication->runController('css/frontend/oo...')
#1 /var/www/html/travelogini_new/framework/base/CApplication.php(169): CWebApplication->processRequest()
#2 /var/www/html/travelogini_new/index.php(22): CApplication->run()
#3 {main}
REQUEST_URI=/travelogini_new/css/frontend/oowl.theme.css
HTTP_REFERER=http://localhost/travelogini_new/faqs/
---
2015/03/21 19:17:20 [error] [exception.CHttpException.404] exception 'CHttpException' with message 'Unable to resolve the request "css/frontend/oowl.theme.css".' in /var/www/html/travelogini_new/framework/web/CWebApplication.php:286
Stack trace:
#0 /var/www/html/travelogini_new/framework/web/CWebApplication.php(141): CWebApplication->runController('css/frontend/oo...')
#1 /var/www/html/travelogini_new/framework/base/CApplication.php(169): CWebApplication->processRequest()
#2 /var/www/html/travelogini_new/index.php(22): CApplication->run()
#3 {main}
REQUEST_URI=/travelogini_new/css/frontend/oowl.theme.css
HTTP_REFERER=http://localhost/travelogini_new/faqs/single/31
---
2015/03/21 19:19:01 [error] [exception.CHttpException.404] exception 'CHttpException' with message 'Unable to resolve the request "css/frontend/oowl.theme.css".' in /var/www/html/travelogini_new/framework/web/CWebApplication.php:286
Stack trace:
#0 /var/www/html/travelogini_new/framework/web/CWebApplication.php(141): CWebApplication->runController('css/frontend/oo...')
#1 /var/www/html/travelogini_new/framework/base/CApplication.php(169): CWebApplication->processRequest()
#2 /var/www/html/travelogini_new/index.php(22): CApplication->run()
#3 {main}
REQUEST_URI=/travelogini_new/css/frontend/oowl.theme.css
HTTP_REFERER=http://localhost/travelogini_new/faqs/single/31
---
2015/03/21 19:19:05 [error] [exception.CHttpException.404] exception 'CHttpException' with message 'Unable to resolve the request "css/frontend/oowl.theme.css".' in /var/www/html/travelogini_new/framework/web/CWebApplication.php:286
Stack trace:
#0 /var/www/html/travelogini_new/framework/web/CWebApplication.php(141): CWebApplication->runController('css/frontend/oo...')
#1 /var/www/html/travelogini_new/framework/base/CApplication.php(169): CWebApplication->processRequest()
#2 /var/www/html/travelogini_new/index.php(22): CApplication->run()
#3 {main}
REQUEST_URI=/travelogini_new/css/frontend/oowl.theme.css
HTTP_REFERER=http://localhost/travelogini_new/faqs/
---
2015/03/21 19:19:30 [warning] [application] Failed to set unsafe attribute "faqAttachment" of "Faqs".
in /var/www/html/travelogini_new/protected/modules/admin/controllers/FaqsController.php (142)
in /var/www/html/travelogini_new/index.php (22)
2015/03/21 19:19:30 [warning] [application] Failed to set unsafe attribute "faqHelpTopics" of "Faqs".
in /var/www/html/travelogini_new/protected/modules/admin/controllers/FaqsController.php (142)
in /var/www/html/travelogini_new/index.php (22)
2015/03/21 19:19:30 [warning] [application] Failed to set unsafe attribute "faqDateAdded" of "Faqs".
in /var/www/html/travelogini_new/protected/modules/admin/controllers/FaqsController.php (142)
in /var/www/html/travelogini_new/index.php (22)
2015/03/21 19:19:30 [warning] [application] Failed to set unsafe attribute "faqDateModified" of "Faqs".
in /var/www/html/travelogini_new/protected/modules/admin/controllers/FaqsController.php (142)
in /var/www/html/travelogini_new/index.php (22)
2015/03/21 19:19:42 [error] [exception.CHttpException.404] exception 'CHttpException' with message 'Unable to resolve the request "css/frontend/oowl.theme.css".' in /var/www/html/travelogini_new/framework/web/CWebApplication.php:286
Stack trace:
#0 /var/www/html/travelogini_new/framework/web/CWebApplication.php(141): CWebApplication->runController('css/frontend/oo...')
#1 /var/www/html/travelogini_new/framework/base/CApplication.php(169): CWebApplication->processRequest()
#2 /var/www/html/travelogini_new/index.php(22): CApplication->run()
#3 {main}
REQUEST_URI=/travelogini_new/css/frontend/oowl.theme.css
HTTP_REFERER=http://localhost/travelogini_new/faqs/
---
2015/03/21 19:19:46 [error] [exception.CHttpException.404] exception 'CHttpException' with message 'Unable to resolve the request "css/frontend/oowl.theme.css".' in /var/www/html/travelogini_new/framework/web/CWebApplication.php:286
Stack trace:
#0 /var/www/html/travelogini_new/framework/web/CWebApplication.php(141): CWebApplication->runController('css/frontend/oo...')
#1 /var/www/html/travelogini_new/framework/base/CApplication.php(169): CWebApplication->processRequest()
#2 /var/www/html/travelogini_new/index.php(22): CApplication->run()
#3 {main}
REQUEST_URI=/travelogini_new/css/frontend/oowl.theme.css
HTTP_REFERER=http://localhost/travelogini_new/faqs/single/32
---
2015/03/21 19:19:55 [error] [exception.CHttpException.404] exception 'CHttpException' with message 'Unable to resolve the request "css/frontend/oowl.theme.css".' in /var/www/html/travelogini_new/framework/web/CWebApplication.php:286
Stack trace:
#0 /var/www/html/travelogini_new/framework/web/CWebApplication.php(141): CWebApplication->runController('css/frontend/oo...')
#1 /var/www/html/travelogini_new/framework/base/CApplication.php(169): CWebApplication->processRequest()
#2 /var/www/html/travelogini_new/index.php(22): CApplication->run()
#3 {main}
REQUEST_URI=/travelogini_new/css/frontend/oowl.theme.css
HTTP_REFERER=http://localhost/travelogini_new/faqs/single/31
---
2015/03/21 19:23:00 [error] [exception.CHttpException.404] exception 'CHttpException' with message 'Unable to resolve the request "css/frontend/oowl.theme.css".' in /var/www/html/travelogini_new/framework/web/CWebApplication.php:286
Stack trace:
#0 /var/www/html/travelogini_new/framework/web/CWebApplication.php(141): CWebApplication->runController('css/frontend/oo...')
#1 /var/www/html/travelogini_new/framework/base/CApplication.php(169): CWebApplication->processRequest()
#2 /var/www/html/travelogini_new/index.php(22): CApplication->run()
#3 {main}
REQUEST_URI=/travelogini_new/css/frontend/oowl.theme.css
HTTP_REFERER=http://localhost/travelogini_new/faqs/single/31
---
2015/03/21 19:23:05 [error] [exception.CHttpException.404] exception 'CHttpException' with message 'The system is unable to find the requested action "site".' in /var/www/html/travelogini_new/framework/web/CController.php:483
Stack trace:
#0 /var/www/html/travelogini_new/framework/web/CController.php(270): CController->missingAction('site')
#1 /var/www/html/travelogini_new/framework/web/CWebApplication.php(282): CController->run('site')
#2 /var/www/html/travelogini_new/framework/web/CWebApplication.php(141): CWebApplication->runController('faqs/site/notif...')
#3 /var/www/html/travelogini_new/framework/base/CApplication.php(169): CWebApplication->processRequest()
#4 /var/www/html/travelogini_new/index.php(22): CApplication->run()
#5 {main}
REQUEST_URI=/travelogini_new/faqs/site/notification
---
2015/03/21 19:23:05 [error] [exception.CHttpException.404] exception 'CHttpException' with message 'Unable to resolve the request "css/frontend/oowl.theme.css".' in /var/www/html/travelogini_new/framework/web/CWebApplication.php:286
Stack trace:
#0 /var/www/html/travelogini_new/framework/web/CWebApplication.php(141): CWebApplication->runController('css/frontend/oo...')
#1 /var/www/html/travelogini_new/framework/base/CApplication.php(169): CWebApplication->processRequest()
#2 /var/www/html/travelogini_new/index.php(22): CApplication->run()
#3 {main}
REQUEST_URI=/travelogini_new/css/frontend/oowl.theme.css
HTTP_REFERER=http://localhost/travelogini_new/faqs/site/notification
---
2015/03/21 19:23:07 [error] [exception.CHttpException.404] exception 'CHttpException' with message 'Unable to resolve the request "css/frontend/oowl.theme.css".' in /var/www/html/travelogini_new/framework/web/CWebApplication.php:286
Stack trace:
#0 /var/www/html/travelogini_new/framework/web/CWebApplication.php(141): CWebApplication->runController('css/frontend/oo...')
#1 /var/www/html/travelogini_new/framework/base/CApplication.php(169): CWebApplication->processRequest()
#2 /var/www/html/travelogini_new/index.php(22): CApplication->run()
#3 {main}
REQUEST_URI=/travelogini_new/css/frontend/oowl.theme.css
HTTP_REFERER=http://localhost/travelogini_new/faqs/single/31
---
2015/03/21 19:23:10 [error] [exception.CHttpException.404] exception 'CHttpException' with message 'Unable to resolve the request "css/frontend/oowl.theme.css".' in /var/www/html/travelogini_new/framework/web/CWebApplication.php:286
Stack trace:
#0 /var/www/html/travelogini_new/framework/web/CWebApplication.php(141): CWebApplication->runController('css/frontend/oo...')
#1 /var/www/html/travelogini_new/framework/base/CApplication.php(169): CWebApplication->processRequest()
#2 /var/www/html/travelogini_new/index.php(22): CApplication->run()
#3 {main}
REQUEST_URI=/travelogini_new/css/frontend/oowl.theme.css
HTTP_REFERER=http://localhost/travelogini_new/faqs/single/32
---
2015/03/21 19:27:53 [error] [exception.CHttpException.404] exception 'CHttpException' with message 'Unable to resolve the request "css/frontend/oowl.theme.css".' in /var/www/html/travelogini_new/framework/web/CWebApplication.php:286
Stack trace:
#0 /var/www/html/travelogini_new/framework/web/CWebApplication.php(141): CWebApplication->runController('css/frontend/oo...')
#1 /var/www/html/travelogini_new/framework/base/CApplication.php(169): CWebApplication->processRequest()
#2 /var/www/html/travelogini_new/index.php(22): CApplication->run()
#3 {main}
REQUEST_URI=/travelogini_new/css/frontend/oowl.theme.css
HTTP_REFERER=http://localhost/travelogini_new/faqs/single/32
---
2015/03/21 19:41:25 [error] [exception.CHttpException.404] exception 'CHttpException' with message 'Unable to resolve the request "css/frontend/oowl.theme.css".' in /var/www/html/travelogini_new/framework/web/CWebApplication.php:286
Stack trace:
#0 /var/www/html/travelogini_new/framework/web/CWebApplication.php(141): CWebApplication->runController('css/frontend/oo...')
#1 /var/www/html/travelogini_new/framework/base/CApplication.php(169): CWebApplication->processRequest()
#2 /var/www/html/travelogini_new/index.php(22): CApplication->run()
#3 {main}
REQUEST_URI=/travelogini_new/css/frontend/oowl.theme.css
HTTP_REFERER=http://localhost/travelogini_new/faqs/single/32
---
2015/03/21 19:42:02 [error] [exception.CHttpException.404] exception 'CHttpException' with message 'Unable to resolve the request "css/frontend/oowl.theme.css".' in /var/www/html/travelogini_new/framework/web/CWebApplication.php:286
Stack trace:
#0 /var/www/html/travelogini_new/framework/web/CWebApplication.php(141): CWebApplication->runController('css/frontend/oo...')
#1 /var/www/html/travelogini_new/framework/base/CApplication.php(169): CWebApplication->processRequest()
#2 /var/www/html/travelogini_new/index.php(22): CApplication->run()
#3 {main}
REQUEST_URI=/travelogini_new/css/frontend/oowl.theme.css
HTTP_REFERER=http://localhost/travelogini_new/faqs/single/32
---
2015/03/21 19:42:22 [error] [exception.CHttpException.404] exception 'CHttpException' with message 'Unable to resolve the request "css/frontend/oowl.theme.css".' in /var/www/html/travelogini_new/framework/web/CWebApplication.php:286
Stack trace:
#0 /var/www/html/travelogini_new/framework/web/CWebApplication.php(141): CWebApplication->runController('css/frontend/oo...')
#1 /var/www/html/travelogini_new/framework/base/CApplication.php(169): CWebApplication->processRequest()
#2 /var/www/html/travelogini_new/index.php(22): CApplication->run()
#3 {main}
REQUEST_URI=/travelogini_new/css/frontend/oowl.theme.css
HTTP_REFERER=http://localhost/travelogini_new/faqs/single/32
---
2015/03/21 19:42:58 [error] [exception.CHttpException.404] exception 'CHttpException' with message 'Unable to resolve the request "css/frontend/oowl.theme.css".' in /var/www/html/travelogini_new/framework/web/CWebApplication.php:286
Stack trace:
#0 /var/www/html/travelogini_new/framework/web/CWebApplication.php(141): CWebApplication->runController('css/frontend/oo...')
#1 /var/www/html/travelogini_new/framework/base/CApplication.php(169): CWebApplication->processRequest()
#2 /var/www/html/travelogini_new/index.php(22): CApplication->run()
#3 {main}
REQUEST_URI=/travelogini_new/css/frontend/oowl.theme.css
HTTP_REFERER=http://localhost/travelogini_new/faqs/single/32
---
2015/03/21 19:50:10 [error] [php] Undefined offset: 0 (/var/www/html/travelogini_new/protected/views/faqs/single.php:100)
Stack trace:
#0 /var/www/html/travelogini_new/framework/web/CController.php(869): FaqsController->renderFile()
#1 /var/www/html/travelogini_new/framework/web/CController.php(782): FaqsController->renderPartial()
#2 /var/www/html/travelogini_new/protected/controllers/FaqsController.php(40): FaqsController->render()
#3 unknown(0): FaqsController->actionSingle()
#4 /var/www/html/travelogini_new/framework/web/actions/CAction.php(108): ReflectionMethod->invokeArgs()
#5 /var/www/html/travelogini_new/framework/web/actions/CInlineAction.php(47): CInlineAction->runWithParamsInternal()
#6 /var/www/html/travelogini_new/framework/web/CController.php(308): CInlineAction->runWithParams()
#7 /var/www/html/travelogini_new/framework/web/CController.php(286): FaqsController->runAction()
#8 /var/www/html/travelogini_new/framework/web/CController.php(265): FaqsController->runActionWithFilters()
#9 /var/www/html/travelogini_new/framework/web/CWebApplication.php(282): FaqsController->run()
#10 /var/www/html/travelogini_new/framework/web/CWebApplication.php(141): CWebApplication->runController()
#11 /var/www/html/travelogini_new/framework/base/CApplication.php(169): CWebApplication->processRequest()
#12 /var/www/html/travelogini_new/index.php(22): CWebApplication->run()
REQUEST_URI=/travelogini_new/faqs/single/32
in /var/www/html/travelogini_new/protected/views/faqs/single.php (100)
in /var/www/html/travelogini_new/protected/controllers/FaqsController.php (40)
in /var/www/html/travelogini_new/index.php (22)
2015/03/21 19:50:29 [error] [php] Undefined index: faqQuestion (/var/www/html/travelogini_new/protected/views/faqs/single.php:100)
Stack trace:
#0 /var/www/html/travelogini_new/framework/web/CController.php(869): FaqsController->renderFile()
#1 /var/www/html/travelogini_new/framework/web/CController.php(782): FaqsController->renderPartial()
#2 /var/www/html/travelogini_new/protected/controllers/FaqsController.php(40): FaqsController->render()
#3 unknown(0): FaqsController->actionSingle()
#4 /var/www/html/travelogini_new/framework/web/actions/CAction.php(108): ReflectionMethod->invokeArgs()
#5 /var/www/html/travelogini_new/framework/web/actions/CInlineAction.php(47): CInlineAction->runWithParamsInternal()
#6 /var/www/html/travelogini_new/framework/web/CController.php(308): CInlineAction->runWithParams()
#7 /var/www/html/travelogini_new/framework/web/CController.php(286): FaqsController->runAction()
#8 /var/www/html/travelogini_new/framework/web/CController.php(265): FaqsController->runActionWithFilters()
#9 /var/www/html/travelogini_new/framework/web/CWebApplication.php(282): FaqsController->run()
#10 /var/www/html/travelogini_new/framework/web/CWebApplication.php(141): CWebApplication->runController()
#11 /var/www/html/travelogini_new/framework/base/CApplication.php(169): CWebApplication->processRequest()
#12 /var/www/html/travelogini_new/index.php(22): CWebApplication->run()
REQUEST_URI=/travelogini_new/faqs/single/32
in /var/www/html/travelogini_new/protected/views/faqs/single.php (100)
in /var/www/html/travelogini_new/protected/controllers/FaqsController.php (40)
in /var/www/html/travelogini_new/index.php (22)
2015/03/21 19:50:39 [error] [php] Array to string conversion (/var/www/html/travelogini_new/protected/views/faqs/single.php:100)
Stack trace:
#0 /var/www/html/travelogini_new/framework/web/CController.php(869): FaqsController->renderFile()
#1 /var/www/html/travelogini_new/framework/web/CController.php(782): FaqsController->renderPartial()
#2 /var/www/html/travelogini_new/protected/controllers/FaqsController.php(40): FaqsController->render()
#3 unknown(0): FaqsController->actionSingle()
#4 /var/www/html/travelogini_new/framework/web/actions/CAction.php(108): ReflectionMethod->invokeArgs()
#5 /var/www/html/travelogini_new/framework/web/actions/CInlineAction.php(47): CInlineAction->runWithParamsInternal()
#6 /var/www/html/travelogini_new/framework/web/CController.php(308): CInlineAction->runWithParams()
#7 /var/www/html/travelogini_new/framework/web/CController.php(286): FaqsController->runAction()
#8 /var/www/html/travelogini_new/framework/web/CController.php(265): FaqsController->runActionWithFilters()
#9 /var/www/html/travelogini_new/framework/web/CWebApplication.php(282): FaqsController->run()
#10 /var/www/html/travelogini_new/framework/web/CWebApplication.php(141): CWebApplication->runController()
#11 /var/www/html/travelogini_new/framework/base/CApplication.php(169): CWebApplication->processRequest()
#12 /var/www/html/travelogini_new/index.php(22): CWebApplication->run()
REQUEST_URI=/travelogini_new/faqs/single/32
in /var/www/html/travelogini_new/protected/views/faqs/single.php (100)
in /var/www/html/travelogini_new/protected/controllers/FaqsController.php (40)
in /var/www/html/travelogini_new/index.php (22)
2015/03/21 19:51:05 [error] [exception.CHttpException.404] exception 'CHttpException' with message 'Unable to resolve the request "css/frontend/oowl.theme.css".' in /var/www/html/travelogini_new/framework/web/CWebApplication.php:286
Stack trace:
#0 /var/www/html/travelogini_new/framework/web/CWebApplication.php(141): CWebApplication->runController('css/frontend/oo...')
#1 /var/www/html/travelogini_new/framework/base/CApplication.php(169): CWebApplication->processRequest()
#2 /var/www/html/travelogini_new/index.php(22): CApplication->run()
#3 {main}
REQUEST_URI=/travelogini_new/css/frontend/oowl.theme.css
HTTP_REFERER=http://localhost/travelogini_new/faqs/single/32
---
2015/03/21 19:52:38 [error] [php] Object of class Faqs could not be converted to string (/var/www/html/travelogini_new/protected/views/faqs/single.php:101)
Stack trace:
#0 /var/www/html/travelogini_new/framework/web/CController.php(869): FaqsController->renderFile()
#1 /var/www/html/travelogini_new/framework/web/CController.php(782): FaqsController->renderPartial()
#2 /var/www/html/travelogini_new/protected/controllers/FaqsController.php(40): FaqsController->render()
#3 unknown(0): FaqsController->actionSingle()
#4 /var/www/html/travelogini_new/framework/web/actions/CAction.php(108): ReflectionMethod->invokeArgs()
#5 /var/www/html/travelogini_new/framework/web/actions/CInlineAction.php(47): CInlineAction->runWithParamsInternal()
#6 /var/www/html/travelogini_new/framework/web/CController.php(308): CInlineAction->runWithParams()
#7 /var/www/html/travelogini_new/framework/web/CController.php(286): FaqsController->runAction()
#8 /var/www/html/travelogini_new/framework/web/CController.php(265): FaqsController->runActionWithFilters()
#9 /var/www/html/travelogini_new/framework/web/CWebApplication.php(282): FaqsController->run()
#10 /var/www/html/travelogini_new/framework/web/CWebApplication.php(141): CWebApplication->runController()
#11 /var/www/html/travelogini_new/framework/base/CApplication.php(169): CWebApplication->processRequest()
#12 /var/www/html/travelogini_new/index.php(22): CWebApplication->run()
REQUEST_URI=/travelogini_new/faqs/single/32
in /var/www/html/travelogini_new/protected/views/faqs/single.php (101)
in /var/www/html/travelogini_new/protected/controllers/FaqsController.php (40)
in /var/www/html/travelogini_new/index.php (22)
2015/03/21 19:53:00 [error] [exception.CHttpException.404] exception 'CHttpException' with message 'Unable to resolve the request "css/frontend/oowl.theme.css".' in /var/www/html/travelogini_new/framework/web/CWebApplication.php:286
Stack trace:
#0 /var/www/html/travelogini_new/framework/web/CWebApplication.php(141): CWebApplication->runController('css/frontend/oo...')
#1 /var/www/html/travelogini_new/framework/base/CApplication.php(169): CWebApplication->processRequest()
#2 /var/www/html/travelogini_new/index.php(22): CApplication->run()
#3 {main}
REQUEST_URI=/travelogini_new/css/frontend/oowl.theme.css
HTTP_REFERER=http://localhost/travelogini_new/faqs/single/32
---
2015/03/21 19:56:46 [error] [exception.CHttpException.404] exception 'CHttpException' with message 'Unable to resolve the request "css/frontend/oowl.theme.css".' in /var/www/html/travelogini_new/framework/web/CWebApplication.php:286
Stack trace:
#0 /var/www/html/travelogini_new/framework/web/CWebApplication.php(141): CWebApplication->runController('css/frontend/oo...')
#1 /var/www/html/travelogini_new/framework/base/CApplication.php(169): CWebApplication->processRequest()
#2 /var/www/html/travelogini_new/index.php(22): CApplication->run()
#3 {main}
REQUEST_URI=/travelogini_new/css/frontend/oowl.theme.css
HTTP_REFERER=http://localhost/travelogini_new/faqs/single/32
---
2015/03/21 19:57:51 [error] [exception.CHttpException.404] exception 'CHttpException' with message 'Unable to resolve the request "css/frontend/oowl.theme.css".' in /var/www/html/travelogini_new/framework/web/CWebApplication.php:286
Stack trace:
#0 /var/www/html/travelogini_new/framework/web/CWebApplication.php(141): CWebApplication->runController('css/frontend/oo...')
#1 /var/www/html/travelogini_new/framework/base/CApplication.php(169): CWebApplication->processRequest()
#2 /var/www/html/travelogini_new/index.php(22): CApplication->run()
#3 {main}
REQUEST_URI=/travelogini_new/css/frontend/oowl.theme.css
HTTP_REFERER=http://localhost/travelogini_new/faqs/single/32
---
2015/03/21 19:58:19 [error] [exception.CHttpException.404] exception 'CHttpException' with message 'Unable to resolve the request "css/frontend/oowl.theme.css".' in /var/www/html/travelogini_new/framework/web/CWebApplication.php:286
Stack trace:
#0 /var/www/html/travelogini_new/framework/web/CWebApplication.php(141): CWebApplication->runController('css/frontend/oo...')
#1 /var/www/html/travelogini_new/framework/base/CApplication.php(169): CWebApplication->processRequest()
#2 /var/www/html/travelogini_new/index.php(22): CApplication->run()
#3 {main}
REQUEST_URI=/travelogini_new/css/frontend/oowl.theme.css
HTTP_REFERER=http://localhost/travelogini_new/faqs/single/32
---
2015/03/21 19:58:33 [error] [exception.CHttpException.404] exception 'CHttpException' with message 'Unable to resolve the request "css/frontend/oowl.theme.css".' in /var/www/html/travelogini_new/framework/web/CWebApplication.php:286
Stack trace:
#0 /var/www/html/travelogini_new/framework/web/CWebApplication.php(141): CWebApplication->runController('css/frontend/oo...')
#1 /var/www/html/travelogini_new/framework/base/CApplication.php(169): CWebApplication->processRequest()
#2 /var/www/html/travelogini_new/index.php(22): CApplication->run()
#3 {main}
REQUEST_URI=/travelogini_new/css/frontend/oowl.theme.css
HTTP_REFERER=http://localhost/travelogini_new/faqs/single/32
---
2015/03/21 19:59:51 [error] [exception.CHttpException.404] exception 'CHttpException' with message 'Unable to resolve the request "css/frontend/oowl.theme.css".' in /var/www/html/travelogini_new/framework/web/CWebApplication.php:286
Stack trace:
#0 /var/www/html/travelogini_new/framework/web/CWebApplication.php(141): CWebApplication->runController('css/frontend/oo...')
#1 /var/www/html/travelogini_new/framework/base/CApplication.php(169): CWebApplication->processRequest()
#2 /var/www/html/travelogini_new/index.php(22): CApplication->run()
#3 {main}
REQUEST_URI=/travelogini_new/css/frontend/oowl.theme.css
HTTP_REFERER=http://localhost/travelogini_new/faqs/single/32
---
2015/03/21 20:00:47 [error] [exception.CHttpException.404] exception 'CHttpException' with message 'Unable to resolve the request "css/frontend/oowl.theme.css".' in /var/www/html/travelogini_new/framework/web/CWebApplication.php:286
Stack trace:
#0 /var/www/html/travelogini_new/framework/web/CWebApplication.php(141): CWebApplication->runController('css/frontend/oo...')
#1 /var/www/html/travelogini_new/framework/base/CApplication.php(169): CWebApplication->processRequest()
#2 /var/www/html/travelogini_new/index.php(22): CApplication->run()
#3 {main}
REQUEST_URI=/travelogini_new/css/frontend/oowl.theme.css
HTTP_REFERER=http://localhost/travelogini_new/faqs/single/32
---
2015/03/21 20:01:24 [error] [exception.CHttpException.404] exception 'CHttpException' with message 'Unable to resolve the request "css/frontend/oowl.theme.css".' in /var/www/html/travelogini_new/framework/web/CWebApplication.php:286
Stack trace:
#0 /var/www/html/travelogini_new/framework/web/CWebApplication.php(141): CWebApplication->runController('css/frontend/oo...')
#1 /var/www/html/travelogini_new/framework/base/CApplication.php(169): CWebApplication->processRequest()
#2 /var/www/html/travelogini_new/index.php(22): CApplication->run()
#3 {main}
REQUEST_URI=/travelogini_new/css/frontend/oowl.theme.css
HTTP_REFERER=http://localhost/travelogini_new/faqs/single/32
---
2015/03/21 20:01:56 [error] [exception.CHttpException.404] exception 'CHttpException' with message 'Unable to resolve the request "css/frontend/oowl.theme.css".' in /var/www/html/travelogini_new/framework/web/CWebApplication.php:286
Stack trace:
#0 /var/www/html/travelogini_new/framework/web/CWebApplication.php(141): CWebApplication->runController('css/frontend/oo...')
#1 /var/www/html/travelogini_new/framework/base/CApplication.php(169): CWebApplication->processRequest()
#2 /var/www/html/travelogini_new/index.php(22): CApplication->run()
#3 {main}
REQUEST_URI=/travelogini_new/css/frontend/oowl.theme.css
HTTP_REFERER=http://localhost/travelogini_new/faqs/single/32
---
2015/03/21 20:02:16 [error] [exception.CHttpException.404] exception 'CHttpException' with message 'Unable to resolve the request "css/frontend/oowl.theme.css".' in /var/www/html/travelogini_new/framework/web/CWebApplication.php:286
Stack trace:
#0 /var/www/html/travelogini_new/framework/web/CWebApplication.php(141): CWebApplication->runController('css/frontend/oo...')
#1 /var/www/html/travelogini_new/framework/base/CApplication.php(169): CWebApplication->processRequest()
#2 /var/www/html/travelogini_new/index.php(22): CApplication->run()
#3 {main}
REQUEST_URI=/travelogini_new/css/frontend/oowl.theme.css
HTTP_REFERER=http://localhost/travelogini_new/faqs/single/32
---
2015/03/21 20:03:08 [error] [exception.CHttpException.404] exception 'CHttpException' with message 'Unable to resolve the request "css/frontend/oowl.theme.css".' in /var/www/html/travelogini_new/framework/web/CWebApplication.php:286
Stack trace:
#0 /var/www/html/travelogini_new/framework/web/CWebApplication.php(141): CWebApplication->runController('css/frontend/oo...')
#1 /var/www/html/travelogini_new/framework/base/CApplication.php(169): CWebApplication->processRequest()
#2 /var/www/html/travelogini_new/index.php(22): CApplication->run()
#3 {main}
REQUEST_URI=/travelogini_new/css/frontend/oowl.theme.css
HTTP_REFERER=http://localhost/travelogini_new/faqs/single/id/28
---
2015/03/21 20:03:13 [error] [exception.CHttpException.404] exception 'CHttpException' with message 'Unable to resolve the request "css/frontend/oowl.theme.css".' in /var/www/html/travelogini_new/framework/web/CWebApplication.php:286
Stack trace:
#0 /var/www/html/travelogini_new/framework/web/CWebApplication.php(141): CWebApplication->runController('css/frontend/oo...')
#1 /var/www/html/travelogini_new/framework/base/CApplication.php(169): CWebApplication->processRequest()
#2 /var/www/html/travelogini_new/index.php(22): CApplication->run()
#3 {main}
REQUEST_URI=/travelogini_new/css/frontend/oowl.theme.css
HTTP_REFERER=http://localhost/travelogini_new/faqs/single/32
---
2015/03/21 20:03:22 [error] [exception.CHttpException.404] exception 'CHttpException' with message 'Unable to resolve the request "css/frontend/oowl.theme.css".' in /var/www/html/travelogini_new/framework/web/CWebApplication.php:286
Stack trace:
#0 /var/www/html/travelogini_new/framework/web/CWebApplication.php(141): CWebApplication->runController('css/frontend/oo...')
#1 /var/www/html/travelogini_new/framework/base/CApplication.php(169): CWebApplication->processRequest()
#2 /var/www/html/travelogini_new/index.php(22): CApplication->run()
#3 {main}
REQUEST_URI=/travelogini_new/css/frontend/oowl.theme.css
HTTP_REFERER=http://localhost/travelogini_new/faqs/single/32
---
2015/03/21 20:03:28 [error] [exception.CHttpException.404] exception 'CHttpException' with message 'Unable to resolve the request "css/frontend/oowl.theme.css".' in /var/www/html/travelogini_new/framework/web/CWebApplication.php:286
Stack trace:
#0 /var/www/html/travelogini_new/framework/web/CWebApplication.php(141): CWebApplication->runController('css/frontend/oo...')
#1 /var/www/html/travelogini_new/framework/base/CApplication.php(169): CWebApplication->processRequest()
#2 /var/www/html/travelogini_new/index.php(22): CApplication->run()
#3 {main}
REQUEST_URI=/travelogini_new/css/frontend/oowl.theme.css
HTTP_REFERER=http://localhost/travelogini_new/faqs/single/29
---
2015/03/21 20:03:31 [error] [exception.CHttpException.404] exception 'CHttpException' with message 'Unable to resolve the request "css/frontend/oowl.theme.css".' in /var/www/html/travelogini_new/framework/web/CWebApplication.php:286
Stack trace:
#0 /var/www/html/travelogini_new/framework/web/CWebApplication.php(141): CWebApplication->runController('css/frontend/oo...')
#1 /var/www/html/travelogini_new/framework/base/CApplication.php(169): CWebApplication->processRequest()
#2 /var/www/html/travelogini_new/index.php(22): CApplication->run()
#3 {main}
REQUEST_URI=/travelogini_new/css/frontend/oowl.theme.css
HTTP_REFERER=http://localhost/travelogini_new/faqs/single/32
---
2015/03/21 20:04:40 [error] [exception.CHttpException.404] exception 'CHttpException' with message 'Unable to resolve the request "css/frontend/oowl.theme.css".' in /var/www/html/travelogini_new/framework/web/CWebApplication.php:286
Stack trace:
#0 /var/www/html/travelogini_new/framework/web/CWebApplication.php(141): CWebApplication->runController('css/frontend/oo...')
#1 /var/www/html/travelogini_new/framework/base/CApplication.php(169): CWebApplication->processRequest()
#2 /var/www/html/travelogini_new/index.php(22): CApplication->run()
#3 {main}
REQUEST_URI=/travelogini_new/css/frontend/oowl.theme.css
HTTP_REFERER=http://localhost/travelogini_new/faqs/single/32
---
2015/03/21 20:05:26 [error] [exception.CHttpException.404] exception 'CHttpException' with message 'Unable to resolve the request "css/frontend/oowl.theme.css".' in /var/www/html/travelogini_new/framework/web/CWebApplication.php:286
Stack trace:
#0 /var/www/html/travelogini_new/framework/web/CWebApplication.php(141): CWebApplication->runController('css/frontend/oo...')
#1 /var/www/html/travelogini_new/framework/base/CApplication.php(169): CWebApplication->processRequest()
#2 /var/www/html/travelogini_new/index.php(22): CApplication->run()
#3 {main}
REQUEST_URI=/travelogini_new/css/frontend/oowl.theme.css
HTTP_REFERER=http://localhost/travelogini_new/faqs/single/32
---
2015/03/21 20:05:33 [error] [exception.CHttpException.404] exception 'CHttpException' with message 'Unable to resolve the request "css/frontend/oowl.theme.css".' in /var/www/html/travelogini_new/framework/web/CWebApplication.php:286
Stack trace:
#0 /var/www/html/travelogini_new/framework/web/CWebApplication.php(141): CWebApplication->runController('css/frontend/oo...')
#1 /var/www/html/travelogini_new/framework/base/CApplication.php(169): CWebApplication->processRequest()
#2 /var/www/html/travelogini_new/index.php(22): CApplication->run()
#3 {main}
REQUEST_URI=/travelogini_new/css/frontend/oowl.theme.css
HTTP_REFERER=http://localhost/travelogini_new/faqs/single/32
---
2015/03/21 20:06:02 [error] [exception.CHttpException.404] exception 'CHttpException' with message 'Unable to resolve the request "css/frontend/oowl.theme.css".' in /var/www/html/travelogini_new/framework/web/CWebApplication.php:286
Stack trace:
#0 /var/www/html/travelogini_new/framework/web/CWebApplication.php(141): CWebApplication->runController('css/frontend/oo...')
#1 /var/www/html/travelogini_new/framework/base/CApplication.php(169): CWebApplication->processRequest()
#2 /var/www/html/travelogini_new/index.php(22): CApplication->run()
#3 {main}
REQUEST_URI=/travelogini_new/css/frontend/oowl.theme.css
HTTP_REFERER=http://localhost/travelogini_new/faqs/single/32
---
2015/03/21 20:06:23 [error] [exception.CHttpException.404] exception 'CHttpException' with message 'Unable to resolve the request "css/frontend/oowl.theme.css".' in /var/www/html/travelogini_new/framework/web/CWebApplication.php:286
Stack trace:
#0 /var/www/html/travelogini_new/framework/web/CWebApplication.php(141): CWebApplication->runController('css/frontend/oo...')
#1 /var/www/html/travelogini_new/framework/base/CApplication.php(169): CWebApplication->processRequest()
#2 /var/www/html/travelogini_new/index.php(22): CApplication->run()
#3 {main}
REQUEST_URI=/travelogini_new/css/frontend/oowl.theme.css
HTTP_REFERER=http://localhost/travelogini_new/faqs/single/32
---
2015/03/21 20:06:40 [error] [exception.CHttpException.404] exception 'CHttpException' with message 'Unable to resolve the request "css/frontend/oowl.theme.css".' in /var/www/html/travelogini_new/framework/web/CWebApplication.php:286
Stack trace:
#0 /var/www/html/travelogini_new/framework/web/CWebApplication.php(141): CWebApplication->runController('css/frontend/oo...')
#1 /var/www/html/travelogini_new/framework/base/CApplication.php(169): CWebApplication->processRequest()
#2 /var/www/html/travelogini_new/index.php(22): CApplication->run()
#3 {main}
REQUEST_URI=/travelogini_new/css/frontend/oowl.theme.css
HTTP_REFERER=http://localhost/travelogini_new/faqs/single/32
---
2015/03/21 20:06:54 [error] [exception.CHttpException.404] exception 'CHttpException' with message 'Unable to resolve the request "css/frontend/oowl.theme.css".' in /var/www/html/travelogini_new/framework/web/CWebApplication.php:286
Stack trace:
#0 /var/www/html/travelogini_new/framework/web/CWebApplication.php(141): CWebApplication->runController('css/frontend/oo...')
#1 /var/www/html/travelogini_new/framework/base/CApplication.php(169): CWebApplication->processRequest()
#2 /var/www/html/travelogini_new/index.php(22): CApplication->run()
#3 {main}
REQUEST_URI=/travelogini_new/css/frontend/oowl.theme.css
HTTP_REFERER=http://localhost/travelogini_new/faqs/single/32
---
2015/03/21 20:08:53 [error] [php] Undefined index: faqQuestion (/var/www/html/travelogini_new/protected/views/faqs/single.php:107)
Stack trace:
#0 /var/www/html/travelogini_new/framework/web/CController.php(869): FaqsController->renderFile()
#1 /var/www/html/travelogini_new/framework/web/CController.php(782): FaqsController->renderPartial()
#2 /var/www/html/travelogini_new/protected/controllers/FaqsController.php(40): FaqsController->render()
#3 unknown(0): FaqsController->actionSingle()
#4 /var/www/html/travelogini_new/framework/web/actions/CAction.php(108): ReflectionMethod->invokeArgs()
#5 /var/www/html/travelogini_new/framework/web/actions/CInlineAction.php(47): CInlineAction->runWithParamsInternal()
#6 /var/www/html/travelogini_new/framework/web/CController.php(308): CInlineAction->runWithParams()
#7 /var/www/html/travelogini_new/framework/web/CController.php(286): FaqsController->runAction()
#8 /var/www/html/travelogini_new/framework/web/CController.php(265): FaqsController->runActionWithFilters()
#9 /var/www/html/travelogini_new/framework/web/CWebApplication.php(282): FaqsController->run()
#10 /var/www/html/travelogini_new/framework/web/CWebApplication.php(141): CWebApplication->runController()
#11 /var/www/html/travelogini_new/framework/base/CApplication.php(169): CWebApplication->processRequest()
#12 /var/www/html/travelogini_new/index.php(22): CWebApplication->run()
REQUEST_URI=/travelogini_new/faqs/single/32
in /var/www/html/travelogini_new/protected/views/faqs/single.php (107)
in /var/www/html/travelogini_new/protected/controllers/FaqsController.php (40)
in /var/www/html/travelogini_new/index.php (22)
2015/03/21 20:09:26 [error] [php] Undefined offset: 1 (/var/www/html/travelogini_new/protected/views/faqs/single.php:107)
Stack trace:
#0 /var/www/html/travelogini_new/framework/web/CController.php(869): FaqsController->renderFile()
#1 /var/www/html/travelogini_new/framework/web/CController.php(782): FaqsController->renderPartial()
#2 /var/www/html/travelogini_new/protected/controllers/FaqsController.php(40): FaqsController->render()
#3 unknown(0): FaqsController->actionSingle()
#4 /var/www/html/travelogini_new/framework/web/actions/CAction.php(108): ReflectionMethod->invokeArgs()
#5 /var/www/html/travelogini_new/framework/web/actions/CInlineAction.php(47): CInlineAction->runWithParamsInternal()
#6 /var/www/html/travelogini_new/framework/web/CController.php(308): CInlineAction->runWithParams()
#7 /var/www/html/travelogini_new/framework/web/CController.php(286): FaqsController->runAction()
#8 /var/www/html/travelogini_new/framework/web/CController.php(265): FaqsController->runActionWithFilters()
#9 /var/www/html/travelogini_new/framework/web/CWebApplication.php(282): FaqsController->run()
#10 /var/www/html/travelogini_new/framework/web/CWebApplication.php(141): CWebApplication->runController()
#11 /var/www/html/travelogini_new/framework/base/CApplication.php(169): CWebApplication->processRequest()
#12 /var/www/html/travelogini_new/index.php(22): CWebApplication->run()
REQUEST_URI=/travelogini_new/faqs/single/32
in /var/www/html/travelogini_new/protected/views/faqs/single.php (107)
in /var/www/html/travelogini_new/protected/controllers/FaqsController.php (40)
in /var/www/html/travelogini_new/index.php (22)
2015/03/21 20:09:40 [error] [exception.CHttpException.404] exception 'CHttpException' with message 'Unable to resolve the request "css/frontend/oowl.theme.css".' in /var/www/html/travelogini_new/framework/web/CWebApplication.php:286
Stack trace:
#0 /var/www/html/travelogini_new/framework/web/CWebApplication.php(141): CWebApplication->runController('css/frontend/oo...')
#1 /var/www/html/travelogini_new/framework/base/CApplication.php(169): CWebApplication->processRequest()
#2 /var/www/html/travelogini_new/index.php(22): CApplication->run()
#3 {main}
REQUEST_URI=/travelogini_new/css/frontend/oowl.theme.css
HTTP_REFERER=http://localhost/travelogini_new/faqs/single/32
---
2015/03/21 20:10:55 [error] [exception.CHttpException.404] exception 'CHttpException' with message 'Unable to resolve the request "css/frontend/oowl.theme.css".' in /var/www/html/travelogini_new/framework/web/CWebApplication.php:286
Stack trace:
#0 /var/www/html/travelogini_new/framework/web/CWebApplication.php(141): CWebApplication->runController('css/frontend/oo...')
#1 /var/www/html/travelogini_new/framework/base/CApplication.php(169): CWebApplication->processRequest()
#2 /var/www/html/travelogini_new/index.php(22): CApplication->run()
#3 {main}
REQUEST_URI=/travelogini_new/css/frontend/oowl.theme.css
HTTP_REFERER=http://localhost/travelogini_new/faqs/single/32
---
